<?xml version="1.0" encoding="UTF-8"?>
<testng-results ignored="0" total="5" passed="5" failed="0" skipped="0">
  <reporter-output>
  </reporter-output>
  <suite started-at="2022-07-17T00:35:13 IST" name="Suite" finished-at="2022-07-17T00:35:45 IST" duration-ms="32644">
    <groups>
    </groups>
    <test started-at="2022-07-17T00:35:13 IST" name="App Test" finished-at="2022-07-17T00:35:13 IST" duration-ms="3">
    </test> <!-- App Test -->
    <test started-at="2022-07-17T00:35:13 IST" name="Validating navigation Bar" finished-at="2022-07-17T00:35:30 IST" duration-ms="17311">
      <class name="Academy.E2EPractice.validateNavigationBar">
        <test-method is-config="true" signature="Preconditions()[pri:0, instance:Academy.E2EPractice.validateNavigationBar@4007f65e]" started-at="2022-07-17T00:35:13 IST" name="Preconditions" finished-at="2022-07-17T00:35:30 IST" duration-ms="17256" status="PASS">
          <reporter-output>
          </reporter-output>
        </test-method> <!-- Preconditions -->
        <test-method signature="validateNavigationTest()[pri:0, instance:Academy.E2EPractice.validateNavigationBar@4007f65e]" started-at="2022-07-17T00:35:30 IST" name="validateNavigationTest" finished-at="2022-07-17T00:35:30 IST" duration-ms="29" status="PASS">
          <reporter-output>
          </reporter-output>
        </test-method> <!-- validateNavigationTest -->
        <test-method is-config="true" signature="teardown()[pri:0, instance:Academy.E2EPractice.validateNavigationBar@4007f65e]" started-at="2022-07-17T00:35:30 IST" name="teardown" finished-at="2022-07-17T00:35:30 IST" duration-ms="14" status="FAIL">
          <exception class="org.openqa.selenium.remote.http.ConnectionFailedException">
            <message>
              <![CDATA[Unable to establish websocket connection to http://localhost:60354/devtools/browser/469c6500-0b8a-4b9a-a154-e7c6ce4d776a
Build info: version: '4.1.2', revision: '9a5a329c5a'
System info: host: 'DESKTOP-33AJ96H', ip: '192.168.1.14', os.name: 'Windows 10', os.arch: 'amd64', os.version: '10.0', java.version: '17.0.2'
Driver info: driver.version: RemoteWebDriver]]>
            </message>
            <full-stacktrace>
              <![CDATA[org.openqa.selenium.remote.http.ConnectionFailedException: Unable to establish websocket connection to http://localhost:60354/devtools/browser/469c6500-0b8a-4b9a-a154-e7c6ce4d776a
Build info: version: '4.1.2', revision: '9a5a329c5a'
System info: host: 'DESKTOP-33AJ96H', ip: '192.168.1.14', os.name: 'Windows 10', os.arch: 'amd64', os.version: '10.0', java.version: '17.0.2'
Driver info: driver.version: RemoteWebDriver
at org.openqa.selenium.remote.http.netty.NettyWebSocket.<init>(NettyWebSocket.java:104)
at org.openqa.selenium.remote.http.netty.NettyWebSocket.lambda$create$3(NettyWebSocket.java:137)
at org.openqa.selenium.remote.http.netty.NettyClient.openSocket(NettyClient.java:118)
at org.openqa.selenium.devtools.Connection.<init>(Connection.java:77)
at org.openqa.selenium.firefox.FirefoxDriver.maybeGetDevTools(FirefoxDriver.java:310)
at org.openqa.selenium.remote.RemoteWebDriver.close(RemoteWebDriver.java:440)
at Academy.E2EPractice.validateNavigationBar.teardown(validateNavigationBar.java:44)
at java.base/jdk.internal.reflect.NativeMethodAccessorImpl.invoke0(Native Method)
at java.base/jdk.internal.reflect.NativeMethodAccessorImpl.invoke(NativeMethodAccessorImpl.java:77)
at java.base/jdk.internal.reflect.DelegatingMethodAccessorImpl.invoke(DelegatingMethodAccessorImpl.java:43)
at java.base/java.lang.reflect.Method.invoke(Method.java:568)
at org.testng.internal.MethodInvocationHelper.invokeMethod(MethodInvocationHelper.java:133)
at org.testng.internal.MethodInvocationHelper.invokeMethodConsideringTimeout(MethodInvocationHelper.java:62)
at org.testng.internal.ConfigInvoker.invokeConfigurationMethod(ConfigInvoker.java:385)
at org.testng.internal.ConfigInvoker.invokeConfigurations(ConfigInvoker.java:321)
at org.testng.TestRunner.invokeTestConfigurations(TestRunner.java:637)
at org.testng.TestRunner.afterRun(TestRunner.java:877)
at org.testng.TestRunner.run(TestRunner.java:599)
at org.testng.SuiteRunner.runTest(SuiteRunner.java:377)
at org.testng.SuiteRunner.access$000(SuiteRunner.java:28)
at org.testng.SuiteRunner$SuiteWorker.run(SuiteRunner.java:418)
at org.testng.internal.thread.ThreadUtil.lambda$execute$0(ThreadUtil.java:64)
at java.base/java.util.concurrent.FutureTask.run(FutureTask.java:264)
at java.base/java.util.concurrent.ThreadPoolExecutor.runWorker(ThreadPoolExecutor.java:1136)
at java.base/java.util.concurrent.ThreadPoolExecutor$Worker.run(ThreadPoolExecutor.java:635)
at java.base/java.lang.Thread.run(Thread.java:833)
]]>
            </full-stacktrace>
          </exception> <!-- org.openqa.selenium.remote.http.ConnectionFailedException -->
          <reporter-output>
          </reporter-output>
        </test-method> <!-- teardown -->
      </class> <!-- Academy.E2EPractice.validateNavigationBar -->
    </test> <!-- Validating navigation Bar -->
    <test started-at="2022-07-17T00:35:13 IST" name="Validating Text" finished-at="2022-07-17T00:35:33 IST" duration-ms="20003">
      <class name="Academy.E2EPractice.validateText">
        <test-method is-config="true" signature="Preconditions()[pri:0, instance:Academy.E2EPractice.validateText@70cf32e3]" started-at="2022-07-17T00:35:13 IST" name="Preconditions" finished-at="2022-07-17T00:35:33 IST" duration-ms="19955" status="PASS">
          <reporter-output>
          </reporter-output>
        </test-method> <!-- Preconditions -->
        <test-method signature="validateHeader()[pri:0, instance:Academy.E2EPractice.validateText@70cf32e3]" started-at="2022-07-17T00:35:33 IST" name="validateHeader" finished-at="2022-07-17T00:35:33 IST" duration-ms="25" status="PASS">
          <reporter-output>
          </reporter-output>
        </test-method> <!-- validateHeader -->
        <test-method signature="validateTextTest()[pri:0, instance:Academy.E2EPractice.validateText@70cf32e3]" started-at="2022-07-17T00:35:33 IST" name="validateTextTest" finished-at="2022-07-17T00:35:33 IST" duration-ms="11" status="PASS">
          <reporter-output>
          </reporter-output>
        </test-method> <!-- validateTextTest -->
        <test-method is-config="true" signature="teardown()[pri:0, instance:Academy.E2EPractice.validateText@70cf32e3]" started-at="2022-07-17T00:35:33 IST" name="teardown" finished-at="2022-07-17T00:35:33 IST" duration-ms="8" status="FAIL">
          <exception class="org.openqa.selenium.remote.http.ConnectionFailedException">
            <message>
              <![CDATA[Unable to establish websocket connection to http://localhost:57559/devtools/browser/50cf7170-fda5-4392-af12-27b4653567e9
Build info: version: '4.1.2', revision: '9a5a329c5a'
System info: host: 'DESKTOP-33AJ96H', ip: '192.168.1.14', os.name: 'Windows 10', os.arch: 'amd64', os.version: '10.0', java.version: '17.0.2'
Driver info: driver.version: RemoteWebDriver]]>
            </message>
            <full-stacktrace>
              <![CDATA[org.openqa.selenium.remote.http.ConnectionFailedException: Unable to establish websocket connection to http://localhost:57559/devtools/browser/50cf7170-fda5-4392-af12-27b4653567e9
Build info: version: '4.1.2', revision: '9a5a329c5a'
System info: host: 'DESKTOP-33AJ96H', ip: '192.168.1.14', os.name: 'Windows 10', os.arch: 'amd64', os.version: '10.0', java.version: '17.0.2'
Driver info: driver.version: RemoteWebDriver
at org.openqa.selenium.remote.http.netty.NettyWebSocket.<init>(NettyWebSocket.java:104)
at org.openqa.selenium.remote.http.netty.NettyWebSocket.lambda$create$3(NettyWebSocket.java:137)
at org.openqa.selenium.remote.http.netty.NettyClient.openSocket(NettyClient.java:118)
at org.openqa.selenium.devtools.Connection.<init>(Connection.java:77)
at org.openqa.selenium.firefox.FirefoxDriver.maybeGetDevTools(FirefoxDriver.java:310)
at org.openqa.selenium.remote.RemoteWebDriver.close(RemoteWebDriver.java:440)
at Academy.E2EPractice.validateText.teardown(validateText.java:65)
at java.base/jdk.internal.reflect.NativeMethodAccessorImpl.invoke0(Native Method)
at java.base/jdk.internal.reflect.NativeMethodAccessorImpl.invoke(NativeMethodAccessorImpl.java:77)
at java.base/jdk.internal.reflect.DelegatingMethodAccessorImpl.invoke(DelegatingMethodAccessorImpl.java:43)
at java.base/java.lang.reflect.Method.invoke(Method.java:568)
at org.testng.internal.MethodInvocationHelper.invokeMethod(MethodInvocationHelper.java:133)
at org.testng.internal.MethodInvocationHelper.invokeMethodConsideringTimeout(MethodInvocationHelper.java:62)
at org.testng.internal.ConfigInvoker.invokeConfigurationMethod(ConfigInvoker.java:385)
at org.testng.internal.ConfigInvoker.invokeConfigurations(ConfigInvoker.java:321)
at org.testng.TestRunner.invokeTestConfigurations(TestRunner.java:637)
at org.testng.TestRunner.afterRun(TestRunner.java:877)
at org.testng.TestRunner.run(TestRunner.java:599)
at org.testng.SuiteRunner.runTest(SuiteRunner.java:377)
at org.testng.SuiteRunner.access$000(SuiteRunner.java:28)
at org.testng.SuiteRunner$SuiteWorker.run(SuiteRunner.java:418)
at org.testng.internal.thread.ThreadUtil.lambda$execute$0(ThreadUtil.java:64)
at java.base/java.util.concurrent.FutureTask.run(FutureTask.java:264)
at java.base/java.util.concurrent.ThreadPoolExecutor.runWorker(ThreadPoolExecutor.java:1136)
at java.base/java.util.concurrent.ThreadPoolExecutor$Worker.run(ThreadPoolExecutor.java:635)
at java.base/java.lang.Thread.run(Thread.java:833)
]]>
            </full-stacktrace>
          </exception> <!-- org.openqa.selenium.remote.http.ConnectionFailedException -->
          <reporter-output>
          </reporter-output>
        </test-method> <!-- teardown -->
      </class> <!-- Academy.E2EPractice.validateText -->
    </test> <!-- Validating Text -->
    <test started-at="2022-07-17T00:35:13 IST" name="Validating User login" finished-at="2022-07-17T00:35:45 IST" duration-ms="32644">
      <class name="Academy.E2EPractice.HomePage">
        <test-method is-config="true" signature="Preconditions()[pri:0, instance:Academy.E2EPractice.HomePage@23e84203]" started-at="2022-07-17T00:35:13 IST" name="Preconditions" finished-at="2022-07-17T00:35:15 IST" duration-ms="2714" status="PASS">
          <reporter-output>
          </reporter-output>
        </test-method> <!-- Preconditions -->
        <test-method signature="validateHomepage(java.lang.String,java.lang.String,java.lang.String)[pri:0, instance:Academy.E2EPractice.HomePage@23e84203]" started-at="2022-07-17T00:35:15 IST" name="validateHomepage" data-provider="getData" finished-at="2022-07-17T00:35:44 IST" duration-ms="28847" status="PASS">
          <params>
            <param index="0">
              <value>
                <![CDATA[notrestricteduser@gmail.com]]>
              </value>
            </param>
            <param index="1">
              <value>
                <![CDATA[Abc@123]]>
              </value>
            </param>
            <param index="2">
              <value>
                <![CDATA[Not restricted user]]>
              </value>
            </param>
          </params>
          <reporter-output>
          </reporter-output>
        </test-method> <!-- validateHomepage -->
        <test-method signature="validateHomepage(java.lang.String,java.lang.String,java.lang.String)[pri:0, instance:Academy.E2EPractice.HomePage@23e84203]" started-at="2022-07-17T00:35:44 IST" name="validateHomepage" data-provider="getData" finished-at="2022-07-17T00:35:45 IST" duration-ms="1056" status="PASS">
          <params>
            <param index="0">
              <value>
                <![CDATA[restricteduser@df.com]]>
              </value>
            </param>
            <param index="1">
              <value>
                <![CDATA[ef@123]]>
              </value>
            </param>
            <param index="2">
              <value>
                <![CDATA[Restricted user]]>
              </value>
            </param>
          </params>
          <reporter-output>
          </reporter-output>
        </test-method> <!-- validateHomepage -->
        <test-method is-config="true" signature="teardown()[pri:0, instance:Academy.E2EPractice.HomePage@23e84203]" started-at="2022-07-17T00:35:45 IST" name="teardown" finished-at="2022-07-17T00:35:45 IST" duration-ms="10" status="FAIL">
          <exception class="org.openqa.selenium.remote.http.ConnectionFailedException">
            <message>
              <![CDATA[Unable to establish websocket connection to http://localhost:51922/devtools/browser/0b304e55-3f9d-4a32-a8a5-67ea4ff055c5
Build info: version: '4.1.2', revision: '9a5a329c5a'
System info: host: 'DESKTOP-33AJ96H', ip: '192.168.1.14', os.name: 'Windows 10', os.arch: 'amd64', os.version: '10.0', java.version: '17.0.2'
Driver info: driver.version: RemoteWebDriver]]>
            </message>
            <full-stacktrace>
              <![CDATA[org.openqa.selenium.remote.http.ConnectionFailedException: Unable to establish websocket connection to http://localhost:51922/devtools/browser/0b304e55-3f9d-4a32-a8a5-67ea4ff055c5
Build info: version: '4.1.2', revision: '9a5a329c5a'
System info: host: 'DESKTOP-33AJ96H', ip: '192.168.1.14', os.name: 'Windows 10', os.arch: 'amd64', os.version: '10.0', java.version: '17.0.2'
Driver info: driver.version: RemoteWebDriver
at org.openqa.selenium.remote.http.netty.NettyWebSocket.<init>(NettyWebSocket.java:104)
at org.openqa.selenium.remote.http.netty.NettyWebSocket.lambda$create$3(NettyWebSocket.java:137)
at org.openqa.selenium.remote.http.netty.NettyClient.openSocket(NettyClient.java:118)
at org.openqa.selenium.devtools.Connection.<init>(Connection.java:77)
at org.openqa.selenium.firefox.FirefoxDriver.maybeGetDevTools(FirefoxDriver.java:310)
at org.openqa.selenium.remote.RemoteWebDriver.close(RemoteWebDriver.java:440)
at Academy.E2EPractice.HomePage.teardown(HomePage.java:80)
at java.base/jdk.internal.reflect.NativeMethodAccessorImpl.invoke0(Native Method)
at java.base/jdk.internal.reflect.NativeMethodAccessorImpl.invoke(NativeMethodAccessorImpl.java:77)
at java.base/jdk.internal.reflect.DelegatingMethodAccessorImpl.invoke(DelegatingMethodAccessorImpl.java:43)
at java.base/java.lang.reflect.Method.invoke(Method.java:568)
at org.testng.internal.MethodInvocationHelper.invokeMethod(MethodInvocationHelper.java:133)
at org.testng.internal.MethodInvocationHelper.invokeMethodConsideringTimeout(MethodInvocationHelper.java:62)
at org.testng.internal.ConfigInvoker.invokeConfigurationMethod(ConfigInvoker.java:385)
at org.testng.internal.ConfigInvoker.invokeConfigurations(ConfigInvoker.java:321)
at org.testng.TestRunner.invokeTestConfigurations(TestRunner.java:637)
at org.testng.TestRunner.afterRun(TestRunner.java:877)
at org.testng.TestRunner.run(TestRunner.java:599)
at org.testng.SuiteRunner.runTest(SuiteRunner.java:377)
at org.testng.SuiteRunner.access$000(SuiteRunner.java:28)
at org.testng.SuiteRunner$SuiteWorker.run(SuiteRunner.java:418)
at org.testng.internal.thread.ThreadUtil.lambda$execute$0(ThreadUtil.java:64)
at java.base/java.util.concurrent.FutureTask.run(FutureTask.java:264)
at java.base/java.util.concurrent.ThreadPoolExecutor.runWorker(ThreadPoolExecutor.java:1136)
at java.base/java.util.concurrent.ThreadPoolExecutor$Worker.run(ThreadPoolExecutor.java:635)
at java.base/java.lang.Thread.run(Thread.java:833)
]]>
            </full-stacktrace>
          </exception> <!-- org.openqa.selenium.remote.http.ConnectionFailedException -->
          <reporter-output>
          </reporter-output>
        </test-method> <!-- teardown -->
      </class> <!-- Academy.E2EPractice.HomePage -->
    </test> <!-- Validating User login -->
  </suite> <!-- Suite -->
</testng-results>
